<?xml version="1.0" encoding="UTF-8"?>
<!-- Generated by org.testng.reporters.JUnitReportReporter -->
<testsuite hostname="LAPTOP-9GECL9UO" failures="0" tests="1" name="testCases.TC002_LoginTest" time="3.299" errors="0" timestamp="2024-11-13T20:06:41 IST" skipped="0">
  <testcase classname="testCases.TC002_LoginTest" name="login" time="3.299"/>
</testsuite> <!-- testCases.TC002_LoginTest -->
