<?xml version="1.0" encoding="UTF-8"?>
<!-- Generated by org.testng.reporters.JUnitReportReporter -->
<testsuite hostname="LAPTOP-9GECL9UO" failures="0" tests="1" name="testCases.TC001_Registrationtest" time="6.480" errors="0" timestamp="2024-11-14T13:52:51 IST" skipped="0">
  <testcase classname="testCases.TC001_Registrationtest" name="testRegistration" time="6.480"/>
</testsuite> <!-- testCases.TC001_Registrationtest -->
